{"level":"\u001b[32minfo\u001b[39m","message":"Server running on http://localhost:3000","timestamp":"2025-12-22 16:06:19"}
{"level":"\u001b[32minfo\u001b[39m","message":"Server running on http://localhost:3000","timestamp":"2025-12-22 16:06:42"}
{"level":"\u001b[32minfo\u001b[39m","message":"Server running on http://localhost:3000","timestamp":"2025-12-22 16:11:14"}
{"level":"\u001b[32minfo\u001b[39m","message":"Server running on http://localhost:3000","timestamp":"2025-12-22 16:11:52"}
{"level":"\u001b[32minfo\u001b[39m","message":"\nShutting down gracefully...","timestamp":"2025-12-22 16:12:59"}
{"level":"\u001b[32minfo\u001b[39m","message":"Server running on http://localhost:3000","timestamp":"2025-12-22 16:14:00"}
{"level":"\u001b[32minfo\u001b[39m","message":"GET /healthcheck","timestamp":"2025-12-22 16:14:06"}
{"level":"\u001b[32minfo\u001b[39m","message":"GET /healthcheck","responseTime":5,"statusCode":304,"timestamp":"2025-12-22 16:14:06"}
{"level":"\u001b[32minfo\u001b[39m","message":"GET /healthcheck","timestamp":"2025-12-22 16:14:22"}
{"level":"\u001b[32minfo\u001b[39m","message":"GET /healthcheck","responseTime":2,"statusCode":304,"timestamp":"2025-12-22 16:14:22"}
{"level":"\u001b[32minfo\u001b[39m","message":"\nShutting down gracefully...","timestamp":"2025-12-22 16:20:24"}
{"level":"\u001b[32minfo\u001b[39m","message":"Server running on http://localhost:3000","timestamp":"2025-12-23 05:04:25"}
{"level":"\u001b[32minfo\u001b[39m","message":"\nShutting down gracefully...","timestamp":"2025-12-23 05:05:06"}
{"level":"\u001b[32minfo\u001b[39m","message":"Server running on http://localhost:3000","timestamp":"2025-12-23 05:15:25"}
{"level":"\u001b[32minfo\u001b[39m","message":"GET /users/register","timestamp":"2025-12-23 05:18:55"}
{"level":"\u001b[32minfo\u001b[39m","message":"GET /users/register","responseTime":12,"statusCode":404,"timestamp":"2025-12-23 05:18:55"}
{"level":"\u001b[32minfo\u001b[39m","message":"POST /users/register","timestamp":"2025-12-23 05:19:01"}
{"level":"\u001b[32minfo\u001b[39m","message":"POST /users/register","responseTime":22,"statusCode":400,"timestamp":"2025-12-23 05:19:01"}
{"level":"\u001b[32minfo\u001b[39m","message":"POST /users/register","timestamp":"2025-12-23 05:19:09"}
{"level":"\u001b[32minfo\u001b[39m","message":"POST /users/register","responseTime":6,"statusCode":400,"timestamp":"2025-12-23 05:19:09"}
{"level":"\u001b[32minfo\u001b[39m","message":"Server running on http://localhost:3000","timestamp":"2025-12-23 05:20:27"}
{"level":"\u001b[32minfo\u001b[39m","message":"POST /users/register","timestamp":"2025-12-23 05:20:38"}
{"level":"\u001b[32minfo\u001b[39m","message":"POST /users/register","responseTime":32,"statusCode":400,"timestamp":"2025-12-23 05:20:38"}
{"level":"\u001b[32minfo\u001b[39m","message":"POST /users/register","timestamp":"2025-12-23 05:20:41"}
{"level":"\u001b[32minfo\u001b[39m","message":"POST /users/register","responseTime":143,"statusCode":500,"timestamp":"2025-12-23 05:20:42"}
{"level":"\u001b[32minfo\u001b[39m","message":"\nShutting down gracefully...","timestamp":"2025-12-23 05:21:11"}
{"level":"\u001b[32minfo\u001b[39m","message":"Server running on http://localhost:3000","timestamp":"2025-12-23 05:24:21"}
{"level":"\u001b[32minfo\u001b[39m","message":"POST /users/register","timestamp":"2025-12-23 05:24:26"}
{"level":"\u001b[32minfo\u001b[39m","message":"POST /users/register","responseTime":173,"statusCode":500,"timestamp":"2025-12-23 05:24:26"}
{"level":"\u001b[32minfo\u001b[39m","message":"POST /users/register","timestamp":"2025-12-23 05:24:29"}
{"level":"\u001b[32minfo\u001b[39m","message":"POST /users/register","responseTime":11,"statusCode":500,"timestamp":"2025-12-23 05:24:29"}
{"level":"\u001b[32minfo\u001b[39m","message":"\nShutting down gracefully...","timestamp":"2025-12-23 05:26:13"}
{"level":"\u001b[32minfo\u001b[39m","message":"Server running on http://localhost:3000","timestamp":"2025-12-23 05:29:14"}
{"level":"\u001b[32minfo\u001b[39m","message":"POST /users/register","timestamp":"2025-12-23 05:29:21"}
{"level":"\u001b[32minfo\u001b[39m","message":"POST /users/register","responseTime":11663,"statusCode":500,"timestamp":"2025-12-23 05:29:33"}
{"level":"\u001b[32minfo\u001b[39m","message":"POST /users/register","timestamp":"2025-12-23 05:30:56"}
{"level":"\u001b[32minfo\u001b[39m","message":"Initializing wallet for user with data:","timestamp":"2025-12-23 05:30:57","userId":"9ec5d42c-d62f-4d26-93a6-9c0cb07d7976"}
{"level":"\u001b[32minfo\u001b[39m","message":"POST /users/register","responseTime":1215,"statusCode":201,"timestamp":"2025-12-23 05:30:58"}
{"level":"\u001b[32minfo\u001b[39m","message":"\nShutting down gracefully...","timestamp":"2025-12-23 05:40:39"}
{"level":"\u001b[32minfo\u001b[39m","message":"Fetching banks from Flutterwave API...","timestamp":"2025-12-23 10:43:18"}
{"level":"\u001b[32minfo\u001b[39m","message":"Fetching banks from Flutterwave API...","timestamp":"2025-12-23 11:18:34"}
{"level":"\u001b[32minfo\u001b[39m","message":" Successfully fetched 670 banks","timestamp":"2025-12-23 11:18:36"}
{"level":"\u001b[32minfo\u001b[39m","message":"Inserting banks into database...","timestamp":"2025-12-23 11:18:36"}
{"level":"\u001b[32minfo\u001b[39m","message":" Successfully inserted 668 banks into the database.","timestamp":"2025-12-23 11:18:38"}
{"level":"\u001b[32minfo\u001b[39m","message":"Initializing Redis connection...","timestamp":"2025-12-23 11:55:45"}
{"level":"\u001b[32minfo\u001b[39m","message":"\nShutting down gracefully...","timestamp":"2025-12-23 11:56:07"}
{"level":"\u001b[32minfo\u001b[39m","message":"Initializing Redis connection...","timestamp":"2025-12-23 11:57:36"}
{"level":"\u001b[32minfo\u001b[39m","message":"Redis connected successfully","timestamp":"2025-12-23 11:57:37"}
{"level":"\u001b[32minfo\u001b[39m","message":"Server running on http://localhost:3000","timestamp":"2025-12-23 11:57:37"}
{"level":"\u001b[32minfo\u001b[39m","message":"\nShutting down gracefully...","timestamp":"2025-12-23 11:57:56"}
{"level":"\u001b[32minfo\u001b[39m","message":"Initializing Redis connection...","timestamp":"2025-12-23 12:10:24"}
{"level":"\u001b[32minfo\u001b[39m","message":"Redis connected successfully","timestamp":"2025-12-23 12:10:24"}
{"level":"\u001b[32minfo\u001b[39m","message":"Server running on http://localhost:3000","timestamp":"2025-12-23 12:10:24"}
{"level":"\u001b[32minfo\u001b[39m","message":"POST /users/register","timestamp":"2025-12-23 12:10:49"}
{"level":"\u001b[32minfo\u001b[39m","message":"Initializing wallet for user with data:","timestamp":"2025-12-23 12:10:50","userId":"6a484bc5-238d-4660-875c-4ab1e0e40ff1"}
{"level":"\u001b[32minfo\u001b[39m","message":"POST /users/register","responseTime":1822,"statusCode":201,"timestamp":"2025-12-23 12:10:50"}
{"level":"\u001b[32minfo\u001b[39m","message":"\nShutting down gracefully...","timestamp":"2025-12-23 12:12:55"}
{"level":"\u001b[32minfo\u001b[39m","message":"Initializing Redis connection...","timestamp":"2025-12-23 12:33:35"}
{"level":"\u001b[32minfo\u001b[39m","message":"Redis connected successfully","timestamp":"2025-12-23 12:33:36"}
{"level":"\u001b[32minfo\u001b[39m","message":"Server running on http://localhost:3000","timestamp":"2025-12-23 12:33:36"}
{"level":"\u001b[32minfo\u001b[39m","message":"Initializing Redis connection...","timestamp":"2025-12-23 12:37:04"}
{"level":"\u001b[32minfo\u001b[39m","message":"Redis connected successfully","timestamp":"2025-12-23 12:37:04"}
{"level":"\u001b[32minfo\u001b[39m","message":"Server running on http://localhost:3000","timestamp":"2025-12-23 12:37:04"}
{"level":"\u001b[32minfo\u001b[39m","message":"GET /auth/login","timestamp":"2025-12-23 12:38:02"}
{"level":"\u001b[32minfo\u001b[39m","message":"GET /auth/login","responseTime":62,"statusCode":404,"timestamp":"2025-12-23 12:38:02"}
{"level":"\u001b[32minfo\u001b[39m","message":"POST /auth/login","timestamp":"2025-12-23 12:38:07"}
{"level":"\u001b[32minfo\u001b[39m","message":"sending email to tyler.igwe@gmail.com","timestamp":"2025-12-23 12:38:09"}
{"duration":2522,"level":"\u001b[32minfo\u001b[39m","message":"Email: Your OTP Code to tyler.igwe@gmail.com - SENT","timestamp":"2025-12-23 12:38:12"}
{"level":"\u001b[32minfo\u001b[39m","message":"POST /auth/login","responseTime":4428,"statusCode":200,"timestamp":"2025-12-23 12:38:12"}
{"level":"\u001b[32minfo\u001b[39m","message":"POST /auth/verify-otp","timestamp":"2025-12-23 12:39:11"}
{"level":"\u001b[32minfo\u001b[39m","message":"POST /auth/verify-otp","responseTime":360,"statusCode":401,"timestamp":"2025-12-23 12:39:11"}
{"level":"\u001b[32minfo\u001b[39m","message":"POST /auth/login","timestamp":"2025-12-23 12:39:30"}
{"level":"\u001b[32minfo\u001b[39m","message":"sending email to tyler.igwe@gmail.com","timestamp":"2025-12-23 12:39:31"}
{"duration":2194,"level":"\u001b[32minfo\u001b[39m","message":"Email: Your OTP Code to tyler.igwe@gmail.com - SENT","timestamp":"2025-12-23 12:39:34"}
{"level":"\u001b[32minfo\u001b[39m","message":"POST /auth/login","responseTime":4073,"statusCode":200,"timestamp":"2025-12-23 12:39:34"}
{"level":"\u001b[32minfo\u001b[39m","message":"POST /auth/verify-otp","timestamp":"2025-12-23 12:39:53"}
{"level":"\u001b[32minfo\u001b[39m","message":"POST /auth/verify-otp","responseTime":2229,"statusCode":200,"timestamp":"2025-12-23 12:39:55"}
{"level":"\u001b[32minfo\u001b[39m","message":"\nShutting down gracefully...","timestamp":"2025-12-23 12:41:12"}
{"level":"\u001b[32minfo\u001b[39m","message":"Initializing Redis connection...","timestamp":"2025-12-23 13:02:26"}
{"level":"\u001b[32minfo\u001b[39m","message":"Redis connected successfully","timestamp":"2025-12-23 13:02:27"}
{"level":"\u001b[32minfo\u001b[39m","message":"Server running on http://localhost:3000","timestamp":"2025-12-23 13:02:27"}
{"level":"\u001b[32minfo\u001b[39m","message":"GET /banks/","timestamp":"2025-12-23 13:03:00"}
{"level":"\u001b[32minfo\u001b[39m","message":"GET /banks/","responseTime":8,"statusCode":401,"timestamp":"2025-12-23 13:03:00"}
{"level":"\u001b[32minfo\u001b[39m","message":"GET /banks/","timestamp":"2025-12-23 13:03:36"}
{"level":"\u001b[32minfo\u001b[39m","message":"GET /banks/","responseTime":18,"statusCode":401,"timestamp":"2025-12-23 13:03:36"}
{"level":"\u001b[32minfo\u001b[39m","message":"GET /banks/","timestamp":"2025-12-23 13:04:15"}
{"level":"\u001b[32minfo\u001b[39m","message":"GET /banks/","responseTime":4,"statusCode":401,"timestamp":"2025-12-23 13:04:15"}
{"level":"\u001b[32minfo\u001b[39m","message":"GET /banks/","timestamp":"2025-12-23 13:05:01"}
{"level":"\u001b[32minfo\u001b[39m","message":"GET /banks/","responseTime":5,"statusCode":401,"timestamp":"2025-12-23 13:05:01"}
{"level":"\u001b[32minfo\u001b[39m","message":"POST /auth/login","timestamp":"2025-12-23 13:05:15"}
{"level":"\u001b[32minfo\u001b[39m","message":"sending email to tyler.igwe@gmail.com","timestamp":"2025-12-23 13:05:17"}
{"duration":2935,"level":"\u001b[32minfo\u001b[39m","message":"Email: Your OTP Code to tyler.igwe@gmail.com - SENT","timestamp":"2025-12-23 13:05:20"}
{"level":"\u001b[32minfo\u001b[39m","message":"POST /auth/login","responseTime":4787,"statusCode":200,"timestamp":"2025-12-23 13:05:20"}
{"level":"\u001b[32minfo\u001b[39m","message":"POST /auth/verify-otp","timestamp":"2025-12-23 13:05:56"}
{"level":"\u001b[32minfo\u001b[39m","message":"POST /auth/verify-otp","responseTime":256,"statusCode":401,"timestamp":"2025-12-23 13:05:57"}
{"level":"\u001b[32minfo\u001b[39m","message":"Initializing Redis connection...","timestamp":"2025-12-23 13:06:45"}
{"level":"\u001b[32minfo\u001b[39m","message":"Redis connected successfully","timestamp":"2025-12-23 13:06:46"}
{"level":"\u001b[32minfo\u001b[39m","message":"Server running on http://localhost:3000","timestamp":"2025-12-23 13:06:46"}
{"level":"\u001b[32minfo\u001b[39m","message":"POST /auth/login","timestamp":"2025-12-23 13:06:50"}
{"level":"\u001b[32minfo\u001b[39m","message":"sending email to tyler.igwe@gmail.com","timestamp":"2025-12-23 13:06:52"}
{"duration":2930,"level":"\u001b[32minfo\u001b[39m","message":"Email: Your OTP Code to tyler.igwe@gmail.com - SENT","timestamp":"2025-12-23 13:06:55"}
{"level":"\u001b[32minfo\u001b[39m","message":"POST /auth/login","responseTime":5110,"statusCode":200,"timestamp":"2025-12-23 13:06:56"}
{"level":"\u001b[32minfo\u001b[39m","message":"POST /auth/verify-otp","timestamp":"2025-12-23 13:07:10"}
{"level":"\u001b[32minfo\u001b[39m","message":"POST /auth/verify-otp","responseTime":376,"statusCode":401,"timestamp":"2025-12-23 13:07:10"}
{"level":"\u001b[32minfo\u001b[39m","message":"POST /auth/verify-otp","timestamp":"2025-12-23 13:07:26"}
{"level":"\u001b[32minfo\u001b[39m","message":"POST /auth/verify-otp","responseTime":233,"statusCode":401,"timestamp":"2025-12-23 13:07:26"}
{"level":"\u001b[32minfo\u001b[39m","message":"POST /auth/verify-otp","timestamp":"2025-12-23 13:07:33"}
{"level":"\u001b[32minfo\u001b[39m","message":"POST /auth/verify-otp","responseTime":206,"statusCode":401,"timestamp":"2025-12-23 13:07:33"}
{"level":"\u001b[32minfo\u001b[39m","message":"POST /auth/login","timestamp":"2025-12-23 13:07:55"}
{"level":"\u001b[32minfo\u001b[39m","message":"sending email to tyler.igwe@gmail.com","timestamp":"2025-12-23 13:07:56"}
{"duration":2246,"level":"\u001b[32minfo\u001b[39m","message":"Email: Your OTP Code to tyler.igwe@gmail.com - SENT","timestamp":"2025-12-23 13:07:58"}
{"level":"\u001b[32minfo\u001b[39m","message":"POST /auth/login","responseTime":3743,"statusCode":200,"timestamp":"2025-12-23 13:07:59"}
{"level":"\u001b[32minfo\u001b[39m","message":"POST /auth/verify-otp","timestamp":"2025-12-23 13:08:20"}
{"level":"\u001b[32minfo\u001b[39m","message":"POST /auth/verify-otp","responseTime":1933,"statusCode":200,"timestamp":"2025-12-23 13:08:22"}
{"level":"\u001b[32minfo\u001b[39m","message":"GET /banks/","timestamp":"2025-12-23 13:08:44"}
{"level":"\u001b[32minfo\u001b[39m","message":"GET /banks/","responseTime":8,"statusCode":401,"timestamp":"2025-12-23 13:08:44"}
{"level":"\u001b[32minfo\u001b[39m","message":"Initializing Redis connection...","timestamp":"2025-12-23 13:11:38"}
{"level":"\u001b[32minfo\u001b[39m","message":"Redis connected successfully","timestamp":"2025-12-23 13:11:39"}
{"level":"\u001b[32minfo\u001b[39m","message":"Server running on http://localhost:3000","timestamp":"2025-12-23 13:11:39"}
{"level":"\u001b[32minfo\u001b[39m","message":"GET /banks/","timestamp":"2025-12-23 13:11:41"}
{"level":"\u001b[32minfo\u001b[39m","message":"GET /banks/","responseTime":19,"statusCode":500,"timestamp":"2025-12-23 13:11:41"}
{"level":"\u001b[32minfo\u001b[39m","message":"Initializing Redis connection...","timestamp":"2025-12-23 13:13:25"}
{"level":"\u001b[32minfo\u001b[39m","message":"Redis connected successfully","timestamp":"2025-12-23 13:13:26"}
{"level":"\u001b[32minfo\u001b[39m","message":"Server running on http://localhost:3000","timestamp":"2025-12-23 13:13:26"}
{"level":"\u001b[32minfo\u001b[39m","message":"GET /banks/","timestamp":"2025-12-23 13:13:35"}
{"level":"\u001b[32minfo\u001b[39m","message":"GET /banks/","responseTime":1835,"statusCode":200,"timestamp":"2025-12-23 13:13:37"}
{"level":"\u001b[32minfo\u001b[39m","message":"Initializing Redis connection...","timestamp":"2025-12-23 13:16:07"}
{"level":"\u001b[32minfo\u001b[39m","message":"Redis connected successfully","timestamp":"2025-12-23 13:16:07"}
{"level":"\u001b[32minfo\u001b[39m","message":"Server running on http://localhost:3000","timestamp":"2025-12-23 13:16:07"}
{"level":"\u001b[32minfo\u001b[39m","message":"Initializing Redis connection...","timestamp":"2025-12-23 13:17:29"}
{"level":"\u001b[32minfo\u001b[39m","message":"Redis connected successfully","timestamp":"2025-12-23 13:17:30"}
{"level":"\u001b[32minfo\u001b[39m","message":"Server running on http://localhost:3000","timestamp":"2025-12-23 13:17:30"}
{"level":"\u001b[32minfo\u001b[39m","message":"GET /banks/","timestamp":"2025-12-23 13:17:35"}
{"level":"\u001b[32minfo\u001b[39m","message":"GET /banks/","responseTime":1604,"statusCode":200,"timestamp":"2025-12-23 13:17:37"}
{"level":"\u001b[32minfo\u001b[39m","message":"Initializing Redis connection...","timestamp":"2025-12-23 13:20:42"}
{"level":"\u001b[32minfo\u001b[39m","message":"Redis connected successfully","timestamp":"2025-12-23 13:20:43"}
{"level":"\u001b[32minfo\u001b[39m","message":"Server running on http://localhost:3000","timestamp":"2025-12-23 13:20:43"}
{"level":"\u001b[32minfo\u001b[39m","message":"Initializing Redis connection...","timestamp":"2025-12-23 13:21:28"}
{"level":"\u001b[32minfo\u001b[39m","message":"Redis connected successfully","timestamp":"2025-12-23 13:21:29"}
{"level":"\u001b[32minfo\u001b[39m","message":"Server running on http://localhost:3000","timestamp":"2025-12-23 13:21:29"}
{"level":"\u001b[32minfo\u001b[39m","message":"Initializing Redis connection...","timestamp":"2025-12-23 13:30:05"}
{"level":"\u001b[32minfo\u001b[39m","message":"Redis connected successfully","timestamp":"2025-12-23 13:30:07"}
{"level":"\u001b[32minfo\u001b[39m","message":"Server running on http://localhost:3000","timestamp":"2025-12-23 13:30:07"}
{"level":"\u001b[32minfo\u001b[39m","message":"\nShutting down gracefully...","timestamp":"2025-12-23 13:32:00"}
{"level":"\u001b[32minfo\u001b[39m","message":"Initializing Redis connection...","timestamp":"2025-12-23 14:34:29"}
{"level":"\u001b[32minfo\u001b[39m","message":"Redis connected successfully","timestamp":"2025-12-23 14:34:30"}
{"level":"\u001b[32minfo\u001b[39m","message":"Server running on http://localhost:3000","timestamp":"2025-12-23 14:34:30"}
{"level":"\u001b[32minfo\u001b[39m","message":"POST /users/register","timestamp":"2025-12-23 14:34:46"}
{"level":"\u001b[32minfo\u001b[39m","message":"Creating wallet with Flutterwave for account: Chidiebere","timestamp":"2025-12-23 14:34:48"}
{"bank_code":"044","bank_name":"Access Bank","level":"\u001b[32minfo\u001b[39m","message":"Initializing wallet for user with data:","timestamp":"2025-12-23 14:35:09","userId":"b64ba9fe-62b5-4bd3-a168-aae09704502b","wallet_number":"1962435565"}
{"level":"\u001b[32minfo\u001b[39m","message":"POST /users/register","responseTime":24951,"statusCode":201,"timestamp":"2025-12-23 14:35:11"}
{"level":"\u001b[32minfo\u001b[39m","message":"\nShutting down gracefully...","timestamp":"2025-12-23 14:36:32"}
{"level":"\u001b[32minfo\u001b[39m","message":"Initializing Redis connection...","timestamp":"2025-12-23 16:07:02"}
{"level":"\u001b[32minfo\u001b[39m","message":"Redis connected successfully","timestamp":"2025-12-23 16:07:03"}
{"level":"\u001b[32minfo\u001b[39m","message":"Server running on http://localhost:3000","timestamp":"2025-12-23 16:07:03"}
{"level":"\u001b[32minfo\u001b[39m","message":"POST /users/register","timestamp":"2025-12-23 16:07:07"}
{"level":"\u001b[32minfo\u001b[39m","message":"Creating wallet with Flutterwave for account: Vitalis","timestamp":"2025-12-23 16:07:08"}
{"bank_code":"044","bank_name":"Access Bank","level":"\u001b[32minfo\u001b[39m","message":"Initializing wallet for user with data:","timestamp":"2025-12-23 16:07:27","userId":"b17a8560-aea8-4659-8f27-2d0dd75481ed","wallet_number":"1962456690"}
{"level":"\u001b[32minfo\u001b[39m","message":"POST /users/register","responseTime":21789,"statusCode":201,"timestamp":"2025-12-23 16:07:28"}
{"level":"\u001b[32minfo\u001b[39m","message":"Initializing Redis connection...","timestamp":"2025-12-23 18:11:54"}
{"level":"\u001b[32minfo\u001b[39m","message":"Redis connected successfully","timestamp":"2025-12-23 18:11:54"}
{"level":"\u001b[32minfo\u001b[39m","message":"Server running on http://localhost:3000","timestamp":"2025-12-23 18:11:54"}
{"level":"\u001b[32minfo\u001b[39m","message":"\nShutting down gracefully...","timestamp":"2025-12-23 18:11:56"}
{"level":"\u001b[32minfo\u001b[39m","message":"Initializing Redis connection...","timestamp":"2025-12-24 01:20:05"}
{"level":"\u001b[32minfo\u001b[39m","message":"Redis connected successfully","timestamp":"2025-12-24 01:20:06"}
{"level":"\u001b[32minfo\u001b[39m","message":"Server running on http://localhost:3000","timestamp":"2025-12-24 01:20:06"}
{"level":"\u001b[32minfo\u001b[39m","message":"\nShutting down gracefully...","timestamp":"2025-12-24 01:26:16"}
{"level":"\u001b[32minfo\u001b[39m","message":"Initializing Redis connection...","timestamp":"2025-12-24 01:33:48"}
{"level":"\u001b[32minfo\u001b[39m","message":"Redis connected successfully","timestamp":"2025-12-24 01:33:50"}
{"level":"\u001b[32minfo\u001b[39m","message":"Server running on http://localhost:3000","timestamp":"2025-12-24 01:33:50"}
{"level":"\u001b[32minfo\u001b[39m","message":"POST /webhook/flutterwave","timestamp":"2025-12-24 01:37:07"}
{"level":"\u001b[32minfo\u001b[39m","message":"POST /webhook/flutterwave","responseTime":6,"statusCode":404,"timestamp":"2025-12-24 01:37:07"}
{"level":"\u001b[32minfo\u001b[39m","message":"Initializing Redis connection...","timestamp":"2025-12-24 01:40:36"}
{"level":"\u001b[32minfo\u001b[39m","message":"Redis connected successfully","timestamp":"2025-12-24 01:40:37"}
{"level":"\u001b[32minfo\u001b[39m","message":"Server running on http://localhost:3000","timestamp":"2025-12-24 01:40:37"}
{"level":"\u001b[32minfo\u001b[39m","message":"Initializing Redis connection...","timestamp":"2025-12-24 01:41:07"}
{"level":"\u001b[32minfo\u001b[39m","message":"Redis connected successfully","timestamp":"2025-12-24 01:41:08"}
{"level":"\u001b[32minfo\u001b[39m","message":"Server running on http://localhost:3000","timestamp":"2025-12-24 01:41:08"}
{"level":"\u001b[32minfo\u001b[39m","message":"Initializing Redis connection...","timestamp":"2025-12-24 01:42:06"}
{"level":"\u001b[32minfo\u001b[39m","message":"Redis connected successfully","timestamp":"2025-12-24 01:42:06"}
{"level":"\u001b[32minfo\u001b[39m","message":"Server running on http://localhost:3000","timestamp":"2025-12-24 01:42:06"}
{"level":"\u001b[32minfo\u001b[39m","message":"POST /webhook/flutterwave","timestamp":"2025-12-24 01:44:16"}
{"level":"\u001b[32minfo\u001b[39m","message":"POST /webhook/flutterwave","responseTime":27,"statusCode":404,"timestamp":"2025-12-24 01:44:16"}
{"level":"\u001b[32minfo\u001b[39m","message":"Initializing Redis connection...","timestamp":"2025-12-24 01:46:04"}
{"level":"\u001b[32minfo\u001b[39m","message":"Redis connected successfully","timestamp":"2025-12-24 01:46:05"}
{"level":"\u001b[32minfo\u001b[39m","message":"Server running on http://localhost:3000","timestamp":"2025-12-24 01:46:05"}
{"level":"\u001b[32minfo\u001b[39m","message":"POST /webhook/flutterwave","timestamp":"2025-12-24 01:47:25"}
{"eventType":"charge.completed","level":"\u001b[32minfo\u001b[39m","message":"Routing Flutterwave webhook to payment handler","timestamp":"2025-12-24 01:47:25","tx_ref":"1766502431714-RND_464"}
{"level":"\u001b[33mwarn\u001b[39m","message":"Payment intent not found and no account_number to map wallet","reference":"1766502431714-RND_464","timestamp":"2025-12-24 01:47:27"}
{"level":"\u001b[32minfo\u001b[39m","message":"POST /webhook/flutterwave","responseTime":1973,"statusCode":200,"timestamp":"2025-12-24 01:47:27"}
{"level":"\u001b[32minfo\u001b[39m","message":"Initializing Redis connection...","timestamp":"2025-12-24 01:49:03"}
{"level":"\u001b[32minfo\u001b[39m","message":"Redis connected successfully","timestamp":"2025-12-24 01:49:04"}
{"level":"\u001b[32minfo\u001b[39m","message":"Server running on http://localhost:3000","timestamp":"2025-12-24 01:49:04"}
{"level":"\u001b[32minfo\u001b[39m","message":"POST /webhook/flutterwave","timestamp":"2025-12-24 01:50:07"}
{"eventType":"charge.completed","level":"\u001b[32minfo\u001b[39m","message":"Routing Flutterwave webhook to payment handler","timestamp":"2025-12-24 01:50:07","tx_ref":"1766496891171-RND_220"}
{"amount":2,"currency":"NGN","eventType":"charge.completed","level":"\u001b[32minfo\u001b[39m","message":"Received Flutterwave payment webhook","reference":"1766496891171-RND_220","status":"successful","timestamp":"2025-12-24 01:50:07","tx_ref":"1766496891171-RND_220"}
{"level":"\u001b[33mwarn\u001b[39m","message":"Payment intent not found and no account_number to map wallet","rawKeys":["id","tx_ref","flw_ref","device_fingerprint","amount","currency","charged_amount","app_fee","merchant_fee","processor_response","auth_model","ip","narration","status","payment_type","created_at","account_id","customer"],"reference":"1766496891171-RND_220","timestamp":"2025-12-24 01:50:09","tx_ref":"1766496891171-RND_220"}
{"level":"\u001b[32minfo\u001b[39m","message":"POST /webhook/flutterwave","responseTime":2188,"statusCode":200,"timestamp":"2025-12-24 01:50:09"}
{"level":"\u001b[32minfo\u001b[39m","message":"Initializing Redis connection...","timestamp":"2025-12-24 01:58:32"}
{"level":"\u001b[32minfo\u001b[39m","message":"Redis connected successfully","timestamp":"2025-12-24 01:58:34"}
{"level":"\u001b[32minfo\u001b[39m","message":"Server running on http://localhost:3000","timestamp":"2025-12-24 01:58:34"}
{"level":"\u001b[32minfo\u001b[39m","message":"POST /webhook/flutterwave","timestamp":"2025-12-24 01:59:46"}
{"data":{"account_id":3248273,"amount":2,"app_fee":0.04,"auth_model":"AUTH","charged_amount":2,"created_at":"2025-12-24T00:59:47.000Z","currency":"NGN","customer":{"created_at":"2025-12-23T13:34:51.000Z","email":"tyler.igwe@gmail.com","id":1272761788,"name":"Chidiebere Igwe","phone_number":"08012345678"},"device_fingerprint":"N/A","flw_ref":"NXG945849394174781311","id":1945059551,"ip":"::ffff:172.16.15.177","merchant_fee":0,"narration":"ChidiOne","payment_type":"bank_transfer","processor_response":"received successfully","status":"successful","tx_ref":"1766496891171-RND_220"},"event":"charge.completed","level":"\u001b[32minfo\u001b[39m","message":"Raw Flutterwave webhook received","timestamp":"2025-12-24 01:59:46"}
{"eventType":"charge.completed","level":"\u001b[32minfo\u001b[39m","message":"Routing Flutterwave webhook to payment handler","timestamp":"2025-12-24 01:59:46","tx_ref":"1766496891171-RND_220"}
{"amount":2,"currency":"NGN","eventType":"charge.completed","level":"\u001b[32minfo\u001b[39m","message":"Received Flutterwave payment webhook","reference":"1766496891171-RND_220","status":"successful","timestamp":"2025-12-24 01:59:46","tx_ref":"1766496891171-RND_220"}
{"level":"\u001b[33mwarn\u001b[39m","message":"Payment intent not found and no account_number to map wallet","rawKeys":["id","tx_ref","flw_ref","device_fingerprint","amount","currency","charged_amount","app_fee","merchant_fee","processor_response","auth_model","ip","narration","status","payment_type","created_at","account_id","customer"],"reference":"1766496891171-RND_220","timestamp":"2025-12-24 01:59:48","tx_ref":"1766496891171-RND_220"}
{"level":"\u001b[32minfo\u001b[39m","message":"POST /webhook/flutterwave","responseTime":1717,"statusCode":200,"timestamp":"2025-12-24 01:59:48"}
{"level":"\u001b[32minfo\u001b[39m","message":"Initializing Redis connection...","timestamp":"2025-12-24 02:02:33"}
{"level":"\u001b[32minfo\u001b[39m","message":"Redis connected successfully","timestamp":"2025-12-24 02:02:34"}
{"level":"\u001b[32minfo\u001b[39m","message":"Server running on http://localhost:3000","timestamp":"2025-12-24 02:02:34"}
{"level":"\u001b[32minfo\u001b[39m","message":"Initializing Redis connection...","timestamp":"2025-12-24 02:05:17"}
{"level":"\u001b[32minfo\u001b[39m","message":"Redis connected successfully","timestamp":"2025-12-24 02:05:17"}
{"level":"\u001b[32minfo\u001b[39m","message":"Server running on http://localhost:3000","timestamp":"2025-12-24 02:05:17"}
{"level":"\u001b[32minfo\u001b[39m","message":"POST /webhook/flutterwave","timestamp":"2025-12-24 02:06:58"}
{"data":{"account_id":3248273,"amount":2,"app_fee":0.04,"auth_model":"AUTH","charged_amount":2,"created_at":"2025-12-24T01:06:59.000Z","currency":"NGN","customer":{"created_at":"2025-12-23T13:34:51.000Z","email":"tyler.igwe@gmail.com","id":1272761788,"name":"Chidiebere Igwe","phone_number":"08012345678"},"device_fingerprint":"N/A","flw_ref":"NXG945892998264426711","id":1945060617,"ip":"::ffff:172.16.15.177","merchant_fee":0,"narration":"ChidiOne","payment_type":"bank_transfer","processor_response":"received successfully","status":"successful","tx_ref":"1766496891171-RND_220"},"event":"charge.completed","level":"\u001b[32minfo\u001b[39m","message":"Raw Flutterwave webhook received","timestamp":"2025-12-24 02:06:58"}
{"eventType":"charge.completed","level":"\u001b[32minfo\u001b[39m","message":"Routing Flutterwave webhook to payment handler","timestamp":"2025-12-24 02:06:58","tx_ref":"1766496891171-RND_220"}
{"amount":2,"currency":"NGN","eventType":"charge.completed","level":"\u001b[32minfo\u001b[39m","message":"Received Flutterwave payment webhook","reference":"1766496891171-RND_220","status":"successful","timestamp":"2025-12-24 02:06:58","tx_ref":"1766496891171-RND_220"}
{"amount":2,"email":"tyler.igwe@gmail.com","level":"\u001b[32minfo\u001b[39m","message":"Crediting wallet from webhook (email mapping ONLY)","reference":"1766496891171-RND_220","timestamp":"2025-12-24 02:07:00","userId":"b64ba9fe-62b5-4bd3-a168-aae09704502b","walletId":"35c42364-8582-4237-828a-2a5df2b4db1b"}
{"level":"\u001b[32minfo\u001b[39m","message":"POST /webhook/flutterwave","responseTime":2671,"statusCode":200,"timestamp":"2025-12-24 02:07:01"}
{"level":"\u001b[32minfo\u001b[39m","message":"POST /webhook/flutterwave","timestamp":"2025-12-24 02:09:42"}
{"data":{"account_id":3248273,"amount":40,"app_fee":0.8,"auth_model":"AUTH","charged_amount":40,"created_at":"2025-12-24T01:09:42.000Z","currency":"NGN","customer":{"created_at":"2025-12-23T13:34:51.000Z","email":"tyler.igwe@gmail.com","id":1272761788,"name":"Chidiebere Igwe","phone_number":"08012345678"},"device_fingerprint":"N/A","flw_ref":"NXG714112442696519900","id":1945061112,"ip":"::ffff:172.16.15.177","merchant_fee":0,"narration":"ChidiOne","payment_type":"bank_transfer","processor_response":"received successfully","status":"successful","tx_ref":"1766496891171-RND_220"},"event":"charge.completed","level":"\u001b[32minfo\u001b[39m","message":"Raw Flutterwave webhook received","timestamp":"2025-12-24 02:09:42"}
{"eventType":"charge.completed","level":"\u001b[32minfo\u001b[39m","message":"Routing Flutterwave webhook to payment handler","timestamp":"2025-12-24 02:09:42","tx_ref":"1766496891171-RND_220"}
{"amount":40,"currency":"NGN","eventType":"charge.completed","level":"\u001b[32minfo\u001b[39m","message":"Received Flutterwave payment webhook","reference":"1766496891171-RND_220","status":"successful","timestamp":"2025-12-24 02:09:42","tx_ref":"1766496891171-RND_220"}
{"level":"\u001b[32minfo\u001b[39m","message":"POST /webhook/flutterwave","responseTime":1484,"statusCode":200,"timestamp":"2025-12-24 02:09:43"}
{"level":"\u001b[32minfo\u001b[39m","message":"Initializing Redis connection...","timestamp":"2025-12-24 02:13:55"}
{"level":"\u001b[32minfo\u001b[39m","message":"Redis connected successfully","timestamp":"2025-12-24 02:13:56"}
{"level":"\u001b[32minfo\u001b[39m","message":"Server running on http://localhost:3000","timestamp":"2025-12-24 02:13:56"}
{"level":"\u001b[32minfo\u001b[39m","message":"Initializing Redis connection...","timestamp":"2025-12-24 02:15:31"}
{"level":"\u001b[32minfo\u001b[39m","message":"Redis connected successfully","timestamp":"2025-12-24 02:15:32"}
{"level":"\u001b[32minfo\u001b[39m","message":"Server running on http://localhost:3000","timestamp":"2025-12-24 02:15:32"}
{"level":"\u001b[32minfo\u001b[39m","message":"Initializing Redis connection...","timestamp":"2025-12-24 02:16:35"}
{"level":"\u001b[32minfo\u001b[39m","message":"Redis connected successfully","timestamp":"2025-12-24 02:16:36"}
{"level":"\u001b[32minfo\u001b[39m","message":"Server running on http://localhost:3000","timestamp":"2025-12-24 02:16:36"}
{"level":"\u001b[32minfo\u001b[39m","message":"POST /webhook/flutterwave","timestamp":"2025-12-24 02:17:35"}
{"data":{"account_id":3248273,"amount":10,"app_fee":0.2,"auth_model":"AUTH","charged_amount":10,"created_at":"2025-12-24T01:17:29.000Z","currency":"NGN","customer":{"created_at":"2025-12-23T13:34:51.000Z","email":"tyler.igwe@gmail.com","id":1272761788,"name":"Chidiebere Igwe","phone_number":"08012345678"},"device_fingerprint":"N/A","flw_ref":"NXG1099701823050114001","id":1945062674,"ip":"::ffff:172.16.15.177","merchant_fee":0,"narration":"ChidiOne","payment_type":"bank_transfer","processor_response":"received successfully","status":"successful","tx_ref":"1766496891171-RND_220"},"event":"charge.completed","level":"\u001b[32minfo\u001b[39m","message":"Raw Flutterwave webhook received","timestamp":"2025-12-24 02:17:35"}
{"eventType":"charge.completed","level":"\u001b[32minfo\u001b[39m","message":"Routing Flutterwave webhook to payment handler","timestamp":"2025-12-24 02:17:35","tx_ref":"1766496891171-RND_220"}
{"amount":10,"currency":"NGN","eventType":"charge.completed","level":"\u001b[32minfo\u001b[39m","message":"Received Flutterwave payment webhook","reference":"1766496891171-RND_220","status":"successful","timestamp":"2025-12-24 02:17:35","tx_ref":"1766496891171-RND_220"}
{"amount":10,"email":"tyler.igwe@gmail.com","level":"\u001b[32minfo\u001b[39m","message":"Crediting wallet from webhook (email mapping ONLY)","reference":"1766496891171-RND_220-1766539055485","timestamp":"2025-12-24 02:17:37","userId":"b64ba9fe-62b5-4bd3-a168-aae09704502b","walletId":"35c42364-8582-4237-828a-2a5df2b4db1b"}
{"level":"\u001b[32minfo\u001b[39m","message":"POST /webhook/flutterwave","responseTime":2900,"statusCode":200,"timestamp":"2025-12-24 02:17:38"}
{"level":"\u001b[32minfo\u001b[39m","message":"POST /auth/login","timestamp":"2025-12-24 02:20:01"}
{"level":"\u001b[32minfo\u001b[39m","message":"sending email to tyler.igwe@gmail.com","timestamp":"2025-12-24 02:20:03"}
{"duration":3811,"level":"\u001b[32minfo\u001b[39m","message":"Email: Your OTP Code to tyler.igwe@gmail.com - SENT","timestamp":"2025-12-24 02:20:07"}
{"level":"\u001b[32minfo\u001b[39m","message":"POST /auth/login","responseTime":5689,"statusCode":200,"timestamp":"2025-12-24 02:20:07"}
{"level":"\u001b[32minfo\u001b[39m","message":"POST /auth/verify-otp","timestamp":"2025-12-24 02:20:24"}
{"level":"\u001b[32minfo\u001b[39m","message":"POST /auth/verify-otp","responseTime":2312,"statusCode":200,"timestamp":"2025-12-24 02:20:27"}
{"level":"\u001b[32minfo\u001b[39m","message":"GET /transactions/pin","timestamp":"2025-12-24 02:23:25"}
{"level":"\u001b[32minfo\u001b[39m","message":"GET /transactions/pin","responseTime":5,"statusCode":404,"timestamp":"2025-12-24 02:23:25"}
{"level":"\u001b[32minfo\u001b[39m","message":"POST /transactions/pin","timestamp":"2025-12-24 02:23:45"}
{"level":"\u001b[32minfo\u001b[39m","message":"POST /transactions/pin","responseTime":2857,"statusCode":200,"timestamp":"2025-12-24 02:23:47"}
{"level":"\u001b[32minfo\u001b[39m","message":"Initializing Redis connection...","timestamp":"2025-12-24 02:30:03"}
{"level":"\u001b[32minfo\u001b[39m","message":"Redis connected successfully","timestamp":"2025-12-24 02:30:04"}
{"level":"\u001b[32minfo\u001b[39m","message":"Server running on http://localhost:3000","timestamp":"2025-12-24 02:30:04"}
{"level":"\u001b[32minfo\u001b[39m","message":"GET /transactions/transfer","timestamp":"2025-12-24 02:30:21"}
{"level":"\u001b[32minfo\u001b[39m","message":"GET /transactions/transfer","responseTime":11,"statusCode":404,"timestamp":"2025-12-24 02:30:21"}
{"level":"\u001b[32minfo\u001b[39m","message":"POST /transactions/transfer","timestamp":"2025-12-24 02:30:27"}
{"accountNumber":"1962456690","amount":5,"donorUserId":"b64ba9fe-62b5-4bd3-a168-aae09704502b","level":"\u001b[32minfo\u001b[39m","message":"Starting donation transfer for user b64ba9fe-62b5-4bd3-a168-aae09704502b","timestamp":"2025-12-24 02:30:28"}
{"amount":5,"beneficiaryUserId":"b17a8560-aea8-4659-8f27-2d0dd75481ed","donationId":"07cbb71e-c5a4-4696-ab4e-b20c9400b244","donorUserId":"b64ba9fe-62b5-4bd3-a168-aae09704502b","idempotencyKey":"FM-IDMP-1766539828916","level":"\u001b[32minfo\u001b[39m","message":"Donation transfer completed","timestamp":"2025-12-24 02:30:31","transactionId":"e0c1b5df-029b-4304-a062-4036cd060e91"}
{"level":"\u001b[32minfo\u001b[39m","message":"POST /transactions/transfer","responseTime":4373,"statusCode":200,"timestamp":"2025-12-24 02:30:31"}
